Release 14.7 - ngc2edif P.20131013 (lin64)
Copyright (c) 1995-2013 Xilinx, Inc.  All rights reserved.
Reading design principal.ngc ...
WARNING:NetListWriters:298 - No output is written to principal.xncf, ignored.
Processing design ...
   Preping design's networks ...
   Preping design's macros ...
WARNING:NetListWriters:306 - Signal bus Madd_amount_addsub0000_lut<3 : 1> on
   block principal is not reconstructed, because there are some missing bus
   signals.
  finished :Prep
Writing EDIF netlist file principal.edif ...
ngc2edif: Total memory usage is 104900 kilobytes

Release 14.7 - ngc2edif P.20131013 (lin64)
Copyright (c) 1995-2013 Xilinx, Inc.  All rights reserved.
Reading design principal.ngc ...
WARNING:NetListWriters:298 - No output is written to principal.xncf, ignored.
Processing design ...
   Preping design's networks ...
   Preping design's macros ...
  finished :Prep
Writing EDIF netlist file principal.edif ...
ngc2edif: Total memory usage is 104220 kilobytes

Release 14.7 - ngc2edif P.20131013 (lin64)
Copyright (c) 1995-2013 Xilinx, Inc.  All rights reserved.
Reading design principal.ngc ...
WARNING:NetListWriters:298 - No output is written to principal.xncf, ignored.
Processing design ...
   Preping design's networks ...
   Preping design's macros ...
  finished :Prep
Writing EDIF netlist file principal.edif ...
ngc2edif: Total memory usage is 104428 kilobytes

