--------------------------------------------------------------------------------
Release 9.2i Trace 
Copyright (c) 1995-2007 Xilinx, Inc.  All rights reserved.

C:\Xilinx92i\bin\nt\trce.exe -ise
C:/Users/alain/Desktop/ECE/ING2/Electronique/vhdl/git/git.ise -intstyle ise -e
3 -s 4 -xml principal principal.ncd -o principal.twr principal.pcf -ucf
principal.ucf

Design file:              principal.ncd
Physical constraint file: principal.pcf
Device,package,speed:     xc3s100e,cp132,-4 (PRODUCTION 1.26 2007-04-13)
Report level:             error report

Environment Variable      Effect 
--------------------      ------ 
NONE                      No environment variables were set
--------------------------------------------------------------------------------

INFO:Timing:2698 - No timing constraints found, doing default enumeration.
INFO:Timing:2752 - To get complete path coverage, use the unconstrained paths 
   option. All paths that are not constrained will be reported in the 
   unconstrained paths section(s) of the report.
INFO:Timing:3339 - The clock-to-out numbers in this timing report are based on 
   a 50 Ohm transmission line loading model.  For the details of this model, 
   and for more information on accounting for different loading conditions, 
   please see the device datasheet.



Data Sheet report:
-----------------
All values displayed in nanoseconds (ns)

Clock button<3> to Pad
------------+------------+------------------+--------+
            | clk (edge) |                  | Clock  |
Destination |   to PAD   |Internal Clock(s) | Phase  |
------------+------------+------------------+--------+
bin<4>      |    9.024(R)|button_3_IBUF     |   0.000|
------------+------------+------------------+--------+

Clock to Setup on destination clock button<0>
---------------+---------+---------+---------+---------+
               | Src:Rise| Src:Fall| Src:Rise| Src:Fall|
Source Clock   |Dest:Rise|Dest:Rise|Dest:Fall|Dest:Fall|
---------------+---------+---------+---------+---------+
button<0>      |         |         |    2.268|    2.268|
button<1>      |         |         |    2.233|    2.233|
button<2>      |         |         |    1.746|    1.746|
button<3>      |         |         |    2.267|    2.267|
---------------+---------+---------+---------+---------+

Clock to Setup on destination clock button<1>
---------------+---------+---------+---------+---------+
               | Src:Rise| Src:Fall| Src:Rise| Src:Fall|
Source Clock   |Dest:Rise|Dest:Rise|Dest:Fall|Dest:Fall|
---------------+---------+---------+---------+---------+
button<0>      |         |         |    1.149|    1.149|
button<1>      |         |         |    1.114|    1.114|
button<2>      |         |         |    0.627|    0.627|
button<3>      |         |         |    1.148|    1.148|
---------------+---------+---------+---------+---------+

Clock to Setup on destination clock button<2>
---------------+---------+---------+---------+---------+
               | Src:Rise| Src:Fall| Src:Rise| Src:Fall|
Source Clock   |Dest:Rise|Dest:Rise|Dest:Fall|Dest:Fall|
---------------+---------+---------+---------+---------+
button<0>      |         |         |    1.498|    1.498|
button<1>      |         |         |    1.463|    1.463|
button<2>      |         |         |    0.976|    0.976|
button<3>      |         |         |    1.497|    1.497|
---------------+---------+---------+---------+---------+

Clock to Setup on destination clock button<3>
---------------+---------+---------+---------+---------+
               | Src:Rise| Src:Fall| Src:Rise| Src:Fall|
Source Clock   |Dest:Rise|Dest:Rise|Dest:Fall|Dest:Fall|
---------------+---------+---------+---------+---------+
button<0>      |    1.551|    1.551|    2.025|    2.025|
button<1>      |    2.911|    2.911|    1.990|    1.990|
button<2>      |    2.541|    2.541|    1.503|    1.503|
button<3>      |         |         |    2.024|    2.024|
---------------+---------+---------+---------+---------+

Clock to Setup on destination clock clk1
---------------+---------+---------+---------+---------+
               | Src:Rise| Src:Fall| Src:Rise| Src:Fall|
Source Clock   |Dest:Rise|Dest:Rise|Dest:Fall|Dest:Fall|
---------------+---------+---------+---------+---------+
clk1           |    5.730|         |         |         |
---------------+---------+---------+---------+---------+


Analysis completed Thu Mar 10 18:11:52 2016 
--------------------------------------------------------------------------------

Trace Settings:
-------------------------
Trace Settings 

Peak Memory Usage: 118 MB



