Release 9.2i Map J.36
Xilinx Mapping Report File for Design 'principal'

Design Information
------------------
Command Line   : C:\Xilinx92i\bin\nt\map.exe -ise
C:/Users/alain/Desktop/ECE/ING2/Electronique/vhdl/git/git.ise -intstyle ise -p
xc3s100e-cp132-4 -cm area -pr b -k 4 -c 100 -o principal_map.ncd principal.ngd
principal.pcf 
Target Device  : xc3s100e
Target Package : cp132
Target Speed   : -4
Mapper Version : spartan3e -- $Revision: 1.36 $
Mapped Date    : Thu Mar 10 18:11:40 2016

Design Summary
--------------
Number of errors:      0
Number of warnings:    2
Logic Utilization:
  Total Number Slice Registers:        95 out of   1,920    4%
    Number used as Flip Flops:                    90
    Number used as Latches:                        5
  Number of 4 input LUTs:             150 out of   1,920    7%
Logic Distribution:
  Number of occupied Slices:                          115 out of     960   11%
    Number of Slices containing only related logic:     115 out of     115  100%
    Number of Slices containing unrelated logic:          0 out of     115    0%
      *See NOTES below for an explanation of the effects of unrelated logic
Total Number of 4 input LUTs:            212 out of   1,920   11%
  Number used as logic:                150
  Number used as a route-thru:          62
  Number of bonded IOBs:               25 out of      83   30%
    IOB Latches:                       15
  Number of GCLKs:                     3 out of      24   12%

Total equivalent gate count for design:  2,188
Additional JTAG gate count for IOBs:  1,200
Peak Memory Usage:  172 MB
Total REAL time to MAP completion:  1 secs 
Total CPU time to MAP completion:   1 secs 

NOTES:

   Related logic is defined as being logic that shares connectivity - e.g. two
   LUTs are "related" if they share common inputs.  When assembling slices,
   Map gives priority to combine logic that is related.  Doing so results in
   the best timing performance.

   Unrelated logic shares no connectivity.  Map will only begin packing
   unrelated logic into a slice once 99% of the slices are occupied through
   related logic packing.

   Note that once logic distribution reaches the 99% level through related
   logic packing, this does not mean the device is completely utilized.
   Unrelated logic packing will then begin, continuing until all usable LUTs
   and FFs are occupied.  Depending on your timing budget, increased levels of
   unrelated logic packing may adversely affect the overall timing performance
   of your design.

Table of Contents
-----------------
Section 1 - Errors
Section 2 - Warnings
Section 3 - Informational
Section 4 - Removed Logic Summary
Section 5 - Removed Logic
Section 6 - IOB Properties
Section 7 - RPMs
Section 8 - Guide Report
Section 9 - Area Group and Partition Summary
Section 10 - Modular Design Summary
Section 11 - Timing Report
Section 12 - Configuration String Information
Section 13 - Control Set Information

Section 1 - Errors
------------------

Section 2 - Warnings
--------------------
WARNING:PhysDesignRules:372 - Gated clock. Clock net toggle_or0000 is sourced by
   a combinatorial pin. This is not good design practice. Use the CE pin to
   control the loading of data into the flip-flop.
WARNING:PhysDesignRules:372 - Gated clock. Clock net an_not0001 is sourced by a
   combinatorial pin. This is not good design practice. Use the CE pin to
   control the loading of data into the flip-flop.

Section 3 - Informational
-------------------------
INFO:MapLib:564 - The following environment variables are currently set:
INFO:MapLib:591 - XIL_MAP_NOCLIP_ON_ALL_SIGS_U 	Value: 1 
INFO:MapLib:863 - The following Virtex BUFG(s) is/are being retargeted to
   Virtex2 BUFGMUX(s) with input tied to I0 and Select pin tied to constant 0:
   BUFG symbol "button_3_IBUF_BUFG" (output signal=button_3_IBUF),
   BUFGP symbol "clk1_BUFGP" (output signal=clk1_BUFGP),
   BUFG symbol "clk_BUFG" (output signal=clk)
INFO:LIT:244 - All of the single ended outputs in this design are using slew
   rate limited output drivers. The delay on speed critical single ended outputs
   can be dramatically reduced by designating them as fast outputs in the
   schematic.

Section 4 - Removed Logic Summary
---------------------------------
   2 block(s) optimized away

Section 5 - Removed Logic
-------------------------

Optimized Block(s):
TYPE 		BLOCK
GND 		XST_GND
VCC 		XST_VCC

To enable printing of redundant blocks removed and signals merged, set the
detailed map report option and rerun map.

Section 6 - IOB Properties
--------------------------

+-----------------------------------------------------------------------------------------------------------------------------------------+
| IOB Name                           | IOB Type         | Direction | IO Standard | Drive    | Slew | Reg (s)      | Resistor | IBUF/IFD  |
|                                    |                  |           |             | Strength | Rate |              |          | Delay     |
+-----------------------------------------------------------------------------------------------------------------------------------------+
| an<0>                              | IOB              | OUTPUT    | LVCMOS25    | 12       | SLOW | OFF1         |          | 0 / 0     |
| an<1>                              | IOB              | OUTPUT    | LVCMOS25    | 12       | SLOW | OFF1         |          | 0 / 0     |
| an<2>                              | IOB              | OUTPUT    | LVCMOS25    | 12       | SLOW | OFF1         |          | 0 / 0     |
| an<3>                              | IOB              | OUTPUT    | LVCMOS25    | 12       | SLOW | OFF1         |          | 0 / 0     |
| bin<0>                             | IOB              | OUTPUT    | LVCMOS25    | 12       | SLOW |              |          | 0 / 0     |
| bin<1>                             | IOB              | OUTPUT    | LVCMOS25    | 12       | SLOW |              |          | 0 / 0     |
| bin<2>                             | IOB              | OUTPUT    | LVCMOS25    | 12       | SLOW |              |          | 0 / 0     |
| bin<3>                             | IOB              | OUTPUT    | LVCMOS25    | 12       | SLOW |              |          | 0 / 0     |
| bin<4>                             | IOB              | OUTPUT    | LVCMOS25    | 12       | SLOW |              |          | 0 / 0     |
| bin<5>                             | IOB              | OUTPUT    | LVCMOS25    | 12       | SLOW |              |          | 0 / 0     |
| bin<6>                             | IOB              | OUTPUT    | LVCMOS25    | 12       | SLOW |              |          | 0 / 0     |
| bin<7>                             | IOB              | OUTPUT    | LVCMOS25    | 12       | SLOW |              |          | 0 / 0     |
| button<0>                          | IBUF             | INPUT     | LVCMOS25    |          |      | IFF1         |          | 0 / 2     |
| button<1>                          | IBUF             | INPUT     | LVCMOS25    |          |      | IFF1         |          | 0 / 2     |
| button<2>                          | IBUF             | INPUT     | LVCMOS25    |          |      | IFF1         |          | 0 / 2     |
| button<3>                          | IBUF             | INPUT     | LVCMOS25    |          |      | IFF1         |          | 0 / 2     |
| clk1                               | IBUF             | INPUT     | LVCMOS25    |          |      |              |          | 0 / 0     |
| led<0>                             | IOB              | OUTPUT    | LVCMOS25    | 12       | SLOW | OFF1         |          | 0 / 0     |
| led<1>                             | IOB              | OUTPUT    | LVCMOS25    | 12       | SLOW | OFF1         |          | 0 / 0     |
| led<2>                             | IOB              | OUTPUT    | LVCMOS25    | 12       | SLOW | OFF1         |          | 0 / 0     |
| led<3>                             | IOB              | OUTPUT    | LVCMOS25    | 12       | SLOW | OFF1         |          | 0 / 0     |
| led<4>                             | IOB              | OUTPUT    | LVCMOS25    | 12       | SLOW | OFF1         |          | 0 / 0     |
| led<5>                             | IOB              | OUTPUT    | LVCMOS25    | 12       | SLOW | OFF1         |          | 0 / 0     |
| led<6>                             | IOB              | OUTPUT    | LVCMOS25    | 12       | SLOW | OFF1         |          | 0 / 0     |
| mode                               | IBUF             | INPUT     | LVCMOS25    |          |      |              |          | 0 / 0     |
+-----------------------------------------------------------------------------------------------------------------------------------------+

Section 7 - RPMs
----------------

Section 8 - Guide Report
------------------------
Guide not run on this design.

Section 9 - Area Group and Partition Summary
--------------------------------------------

Partition Implementation Status
-------------------------------

  No Partitions were found in this design.

-------------------------------

Area Group Information
----------------------

  No area groups were found in this design.


----------------------

Section 10 - Modular Design Summary
-----------------------------------
Modular Design not used for this design.

Section 11 - Timing Report
--------------------------
This design was not run using timing mode.

Section 12 - Configuration String Details
-----------------------------------------
Use the "-detail" map option to print out Configuration Strings

Section 13 - Control Set Information
------------------------------------
No control set information for this architecture.
